SF:lib/domain/auth/app_user.dart
DA:6,1
DA:22,1
DA:23,1
DA:24,1
DA:25,1
DA:26,1
DA:27,1
DA:28,1
DA:29,1
DA:32,0
DA:35,0
DA:43,0
DA:44,0
DA:45,0
DA:46,0
DA:47,0
DA:48,0
DA:49,0
LF:18
LH:9
end_of_record
SF:lib/domain/auth/value_objects.dart
DA:15,1
DA:21,0
DA:22,0
DA:26,1
DA:27,2
DA:32,1
DA:37,1
DA:38,2
DA:43,1
DA:48,1
DA:49,2
DA:54,1
DA:59,1
DA:60,2
LF:14
LH:12
end_of_record
SF:lib/infrastructure/auth/app_user_dto.dart
DA:8,2
DA:24,1
DA:26,7
DA:28,0
DA:31,0
DA:39,0
DA:40,0
DA:41,0
DA:42,0
DA:43,0
DA:44,0
DA:45,0
DA:49,1
DA:51,3
DA:52,1
DA:53,2
DA:54,2
DA:55,2
DA:56,2
DA:57,2
DA:62,1
DA:64,5
DA:65,3
DA:66,1
DA:67,2
DA:68,2
DA:69,2
DA:70,2
DA:76,1
DA:77,1
DA:78,1
DA:79,1
DA:80,1
DA:81,1
DA:82,1
DA:83,1
DA:87,1
DA:88,1
DA:89,1
DA:90,1
DA:91,1
DA:92,1
DA:93,1
DA:94,1
LF:44
LH:35
end_of_record
SF:lib/domain/core/failures.dart
DA:4,0
DA:5,0
DA:7,0
LF:3
LH:0
end_of_record
SF:lib/domain/core/value_object.dart
DA:9,1
DA:10,2
DA:13,1
DA:14,2
DA:15,0
LF:5
LH:4
end_of_record
SF:lib/domain/auth/value_validators.dart
DA:6,1
DA:8,1
DA:9,1
DA:11,1
DA:13,0
DA:19,1
DA:21,1
DA:22,1
DA:24,1
DA:26,0
DA:32,1
DA:34,2
DA:36,1
DA:38,0
LF:14
LH:11
end_of_record
